0 info it worked if it ends with ok
1 verbose cli [ '/usr/bin/nodejs', '/usr/bin/npm', 'publish', '.' ]
2 info using npm@1.2.18
3 info using node@v0.10.15
4 verbose publish [ '.' ]
5 verbose read json /home/asaskevich/git/quark.io/package.json
6 verbose cache add [ '.', null ]
7 verbose cache add name=undefined spec="." args=[".",null]
8 verbose parsed url { protocol: null,
8 verbose parsed url   slashes: null,
8 verbose parsed url   auth: null,
8 verbose parsed url   host: null,
8 verbose parsed url   port: null,
8 verbose parsed url   hostname: null,
8 verbose parsed url   hash: null,
8 verbose parsed url   search: null,
8 verbose parsed url   query: null,
8 verbose parsed url   pathname: '.',
8 verbose parsed url   path: '.',
8 verbose parsed url   href: '.' }
9 silly lockFile 3a52ce78- .
10 verbose lock . /home/asaskevich/.npm/3a52ce78-.lock
11 verbose read json package.json
12 silly lockFile 3a52ce78- .
13 silly lockFile 3a52ce78- .
14 error addLocal Could not install .
15 error Error: EACCES, mkdir '/home/asaskevich/tmp/npm-19201'
15 error  { [Error: EACCES, mkdir '/home/asaskevich/tmp/npm-19201']
15 error   errno: 3,
15 error   code: 'EACCES',
15 error   path: '/home/asaskevich/tmp/npm-19201' }
16 error Please try running this command again as root/Administrator.
17 error System Linux 3.11.0-26-generic
18 error command "/usr/bin/nodejs" "/usr/bin/npm" "publish" "."
19 error cwd /home/asaskevich/git/quark.io
20 error node -v v0.10.15
21 error npm -v 1.2.18
22 error path /home/asaskevich/tmp/npm-19201
23 error code EACCES
24 error errno 3
25 error stack Error: EACCES, mkdir '/home/asaskevich/tmp/npm-19201'
26 verbose exit [ 3, true ]
